----------------------------------------
Data has 11655263 characters, 71 unique
----------------------------------------
Epoch: 1 	 Loss: 1.52681122
----------------------------------------
nectury when I at day free is was my ssuctos delay it at my airline. Not flight pay to be sevent meals to flight has not flying the flights were very Babi agents. Pena in  well, no ameng betwe the airp
----------------------------------------
----------------------------------------
Validation Data has 11655263 characters, 71 unique
----------------------------------------
Model loaded successfully !!
----------------------------------------
Validation Loss: 1.37283293
----------------------------------------
Validation Data has 3311618 characters, 71 unique
----------------------------------------
Model loaded successfully !!
----------------------------------------
Validation Loss: 1.37370705
----------------------------------------
Data has 11655263 characters, 71 unique
----------------------------------------
Epoch: 1 	 Loss: 1.53965506
----------------------------------------
ont to 20 long with Busides, was legrible had to same acgagine A330A but theyreed to give the speak. I stids the fuble wolf on your generailed. What got that within their Focked recusely no aircrafts f
----------------------------------------
----------------------------------------
Validation Data has 11655263 characters, 71 unique
----------------------------------------
Model loaded successfully !!
----------------------------------------
Validation Loss: 1.36026527
----------------------------------------
Validation Data has 3311618 characters, 71 unique
----------------------------------------
Model loaded successfully !!
----------------------------------------
Validation Loss: 1.36113876
----------------------------------------
Data has 11655263 characters, 71 unique
----------------------------------------
Epoch: 1 	 Loss: 1.37491388
----------------------------------------
rien me to As. Staff. He went to explain in Loving SR, gad in a number, Everyone off it was stress as insport delayed such the good. The business class Albage of being home.
Ceenskic, no unsprigit and 
----------------------------------------
----------------------------------------
Validation Data has 11655263 characters, 71 unique
----------------------------------------
Model loaded successfully !!
----------------------------------------
Validation Loss: 1.25230663
----------------------------------------
Validation Data has 3311618 characters, 71 unique
----------------------------------------
Model loaded successfully !!
----------------------------------------
Validation Loss: 1.25536079
----------------------------------------
Data has 11655263 characters, 71 unique
----------------------------------------
Epoch: 1 	 Loss: 1.37912522
----------------------------------------
sed the crew with Irdeparition! Fly that Canbu. Then. You did at the interian 12 mined water 10A5 scotogable on answer me. Both flight from the time plane had no waiting for our returning via us bags h
----------------------------------------
----------------------------------------
Validation Data has 11655263 characters, 71 unique
----------------------------------------
Model loaded successfully !!
----------------------------------------
Validation Loss: 1.24983626
----------------------------------------
Validation Data has 3311618 characters, 71 unique
----------------------------------------
Model loaded successfully !!
----------------------------------------
Validation Loss: 1.25286438
