----------------------------------------
Data has 11655263 characters, 71 unique
----------------------------------------
Epoch: 1 	 Loss: 1.62498188
----------------------------------------
 plus in 102220 Blaeo more from Koghous.
To Tagket the rallether on the so it, I experiences attendants. The points coffee becity your about spacenciare with check with the response bat and filles, we 
----------------------------------------
----------------------------------------
Validation Data has 11655263 characters, 71 unique
----------------------------------------
Model loaded successfully !!
----------------------------------------
Validation Loss: 1.39624705
----------------------------------------
Validation Data has 3311618 characters, 71 unique
----------------------------------------
Model loaded successfully !!
----------------------------------------
Validation Loss: 1.39724183
----------------------------------------
Data has 11655263 characters, 71 unique
----------------------------------------
Epoch: 1 	 Loss: 1.59865700
----------------------------------------
ant and before landing that are we are serird how, both their finy worms but this terrible to be after and unast or take up because offered looked to the hamnitt. Or aircraft again at these the lot a t
----------------------------------------
----------------------------------------
Validation Data has 11655263 characters, 71 unique
----------------------------------------
Model loaded successfully !!
----------------------------------------
Validation Loss: 1.37707726
----------------------------------------
Validation Data has 3311618 characters, 71 unique
----------------------------------------
Model loaded successfully !!
----------------------------------------
Validation Loss: 1.37813075
----------------------------------------
Data has 11655263 characters, 71 unique
----------------------------------------
Epoch: 1 	 Loss: 1.44373657
----------------------------------------
n vacated 2 aviamiagan, at me to mueind as inform by a back to the check. I knew in worse sisured.  Cheapherly let a very effected happen contact up her team.
 KadchDotea. Leg before one me on us and A
----------------------------------------
----------------------------------------
Validation Data has 11655263 characters, 71 unique
----------------------------------------
Model loaded successfully !!
----------------------------------------
Validation Loss: 1.27708510
----------------------------------------
Validation Data has 3311618 characters, 71 unique
----------------------------------------
Model loaded successfully !!
----------------------------------------
Validation Loss: 1.27993763
----------------------------------------
Data has 11655263 characters, 71 unique
----------------------------------------
Epoch: 1 	 Loss: 1.45968928
----------------------------------------
re not member for flight in a drink. Their weight and people biss passengers a choice. I had an extra delay the endivallelack, up after a meal trage sand the worst flight, on the rude in luggage and he
----------------------------------------
----------------------------------------
Validation Data has 11655263 characters, 71 unique
----------------------------------------
Model loaded successfully !!
----------------------------------------
Validation Loss: 1.28142279
----------------------------------------
Validation Data has 3311618 characters, 71 unique
----------------------------------------
Model loaded successfully !!
----------------------------------------
Validation Loss: 1.28452790
